# JRE version: Java(TM) SE Runtime Environment (8.0_77-b03) (build 1.8.0_77-b03)
# Java VM: Java HotSpot(TM) 64-Bit Server VM (25.77-b03 mixed mode linux-amd64 compressed oops)
Heap:
 PSYoungGen      total 34816K, used 20129K [0x00000000d6f80000, 0x00000000db580000, 0x0000000100000000)
  eden space 31744K, 55% used [0x00000000d6f80000,0x00000000d80a78d0,0x00000000d8e80000)
  from space 3072K, 83% used [0x00000000db280000,0x00000000db500d80,0x00000000db580000)
  to   space 5120K, 0% used [0x00000000dab80000,0x00000000dab80000,0x00000000db080000)
 ParOldGen       total 84992K, used 50517K [0x0000000084e00000, 0x000000008a100000, 0x00000000d6f80000)
  object space 84992K, 59% used [0x0000000084e00000,0x0000000087f55700,0x000000008a100000)
 Metaspace       used 15407K, capacity 15645K, committed 15872K, reserved 1062912K
  class space    used 1595K, capacity 1721K, committed 1792K, reserved 1048576K
GC Heap History (4 events):
Event: 1,643 GC heap before
{Heap before GC invocations=1 (full 0):
 PSYoungGen      total 36864K, used 30018K [0x00000000d6f80000, 0x00000000d9880000, 0x0000000100000000)
  eden space 31744K, 94% used [0x00000000d6f80000,0x00000000d8cd0810,0x00000000d8e80000)
  from space 5120K, 0% used [0x00000000d9380000,0x00000000d9380000,0x00000000d9880000)
  to   space 5120K, 0% used [0x00000000d8e80000,0x00000000d8e80000,0x00000000d9380000)
 ParOldGen       total 84992K, used 0K [0x0000000084e00000, 0x000000008a100000, 0x00000000d6f80000)
  object space 84992K, 0% used [0x0000000084e00000,0x0000000084e00000,0x000000008a100000)
 Metaspace       used 11388K, capacity 11549K, committed 11776K, reserved 1060864K
  class space    used 1130K, capacity 1193K, committed 1280K, reserved 1048576K
Event: 1,662 GC heap after
Heap after GC invocations=1 (full 0):
 PSYoungGen      total 36864K, used 5093K [0x00000000d6f80000, 0x00000000db780000, 0x0000000100000000)
  eden space 31744K, 0% used [0x00000000d6f80000,0x00000000d6f80000,0x00000000d8e80000)
  from space 5120K, 99% used [0x00000000d8e80000,0x00000000d93794b0,0x00000000d9380000)
  to   space 5120K, 0% used [0x00000000db280000,0x00000000db280000,0x00000000db780000)
 ParOldGen       total 84992K, used 1222K [0x0000000084e00000, 0x000000008a100000, 0x00000000d6f80000)
  object space 84992K, 1% used [0x0000000084e00000,0x0000000084f318e0,0x000000008a100000)
 Metaspace       used 11388K, capacity 11549K, committed 11776K, reserved 1060864K
  class space    used 1130K, capacity 1193K, committed 1280K, reserved 1048576K
}
Event: 3,755 GC heap before
{Heap before GC invocations=2 (full 0):
 PSYoungGen      total 36864K, used 36837K [0x00000000d6f80000, 0x00000000db780000, 0x0000000100000000)
  eden space 31744K, 100% used [0x00000000d6f80000,0x00000000d8e80000,0x00000000d8e80000)
  from space 5120K, 99% used [0x00000000d8e80000,0x00000000d93794b0,0x00000000d9380000)
  to   space 5120K, 0% used [0x00000000db280000,0x00000000db280000,0x00000000db780000)
 ParOldGen       total 84992K, used 50509K [0x0000000084e00000, 0x000000008a100000, 0x00000000d6f80000)
  object space 84992K, 59% used [0x0000000084e00000,0x0000000087f53700,0x000000008a100000)
 Metaspace       used 11896K, capacity 12137K, committed 12288K, reserved 1060864K
  class space    used 1186K, capacity 1261K, committed 1280K, reserved 1048576K
Event: 3,759 GC heap after
Heap after GC invocations=2 (full 0):
 PSYoungGen      total 34816K, used 2563K [0x00000000d6f80000, 0x00000000db580000, 0x0000000100000000)
  eden space 31744K, 0% used [0x00000000d6f80000,0x00000000d6f80000,0x00000000d8e80000)
  from space 3072K, 83% used [0x00000000db280000,0x00000000db500d80,0x00000000db580000)
  to   space 5120K, 0% used [0x00000000dab80000,0x00000000dab80000,0x00000000db080000)
 ParOldGen       total 84992K, used 50517K [0x0000000084e00000, 0x000000008a100000, 0x00000000d6f80000)
  object space 84992K, 59% used [0x0000000084e00000,0x0000000087f55700,0x000000008a100000)
 Metaspace       used 11896K, capacity 12137K, committed 12288K, reserved 1060864K
  class space    used 1186K, capacity 1261K, committed 1280K, reserved 1048576K
}

