# JRE version: Java(TM) SE Runtime Environment (8.0_77-b03) (build 1.8.0_77-b03)
# Java VM: Java HotSpot(TM) 64-Bit Server VM (25.77-b03 mixed mode linux-amd64 compressed oops)
Heap:
 PSYoungGen      total 36864K, used 21603K [0x00000000d6f80000, 0x00000000d9880000, 0x0000000100000000)
  eden space 31744K, 60% used [0x00000000d6f80000,0x00000000d825ba70,0x00000000d8e80000)
  from space 5120K, 44% used [0x00000000d9380000,0x00000000d95bd4f0,0x00000000d9880000)
  to   space 5120K, 0% used [0x00000000d8e80000,0x00000000d8e80000,0x00000000d9380000)
 ParOldGen       total 84992K, used 50335K [0x0000000084e00000, 0x000000008a100000, 0x00000000d6f80000)
  object space 84992K, 59% used [0x0000000084e00000,0x0000000087f27dc0,0x000000008a100000)
 Metaspace       used 15501K, capacity 15789K, committed 16128K, reserved 1062912K
  class space    used 1597K, capacity 1721K, committed 1792K, reserved 1048576K
GC Heap History (4 events):
Event: 1,799 GC heap before
{Heap before GC invocations=1 (full 0):
 PSYoungGen      total 36864K, used 29945K [0x00000000d6f80000, 0x00000000d9880000, 0x0000000100000000)
  eden space 31744K, 94% used [0x00000000d6f80000,0x00000000d8cbe450,0x00000000d8e80000)
  from space 5120K, 0% used [0x00000000d9380000,0x00000000d9380000,0x00000000d9880000)
  to   space 5120K, 0% used [0x00000000d8e80000,0x00000000d8e80000,0x00000000d9380000)
 ParOldGen       total 84992K, used 0K [0x0000000084e00000, 0x000000008a100000, 0x00000000d6f80000)
  object space 84992K, 0% used [0x0000000084e00000,0x0000000084e00000,0x000000008a100000)
 Metaspace       used 11371K, capacity 11565K, committed 11776K, reserved 1060864K
  class space    used 1131K, capacity 1193K, committed 1280K, reserved 1048576K
Event: 1,817 GC heap after
Heap after GC invocations=1 (full 0):
 PSYoungGen      total 36864K, used 5105K [0x00000000d6f80000, 0x00000000d9880000, 0x0000000100000000)
  eden space 31744K, 0% used [0x00000000d6f80000,0x00000000d6f80000,0x00000000d8e80000)
  from space 5120K, 99% used [0x00000000d8e80000,0x00000000d937c4b8,0x00000000d9380000)
  to   space 5120K, 0% used [0x00000000d9380000,0x00000000d9380000,0x00000000d9880000)
 ParOldGen       total 84992K, used 1031K [0x0000000084e00000, 0x000000008a100000, 0x00000000d6f80000)
  object space 84992K, 1% used [0x0000000084e00000,0x0000000084f01fa0,0x000000008a100000)
 Metaspace       used 11371K, capacity 11565K, committed 11776K, reserved 1060864K
  class space    used 1131K, capacity 1193K, committed 1280K, reserved 1048576K
}
Event: 3,340 GC heap before
{Heap before GC invocations=2 (full 0):
 PSYoungGen      total 36864K, used 36849K [0x00000000d6f80000, 0x00000000d9880000, 0x0000000100000000)
  eden space 31744K, 100% used [0x00000000d6f80000,0x00000000d8e80000,0x00000000d8e80000)
  from space 5120K, 99% used [0x00000000d8e80000,0x00000000d937c4b8,0x00000000d9380000)
  to   space 5120K, 0% used [0x00000000d9380000,0x00000000d9380000,0x00000000d9880000)
 ParOldGen       total 84992K, used 50319K [0x0000000084e00000, 0x000000008a100000, 0x00000000d6f80000)
  object space 84992K, 59% used [0x0000000084e00000,0x0000000087f23dc0,0x000000008a100000)
 Metaspace       used 11425K, capacity 11629K, committed 11776K, reserved 1060864K
  class space    used 1131K, capacity 1193K, committed 1280K, reserved 1048576K
Event: 3,344 GC heap after
Heap after GC invocations=2 (full 0):
 PSYoungGen      total 36864K, used 2293K [0x00000000d6f80000, 0x00000000d9880000, 0x0000000100000000)
  eden space 31744K, 0% used [0x00000000d6f80000,0x00000000d6f80000,0x00000000d8e80000)
  from space 5120K, 44% used [0x00000000d9380000,0x00000000d95bd4f0,0x00000000d9880000)
  to   space 5120K, 0% used [0x00000000d8e80000,0x00000000d8e80000,0x00000000d9380000)
 ParOldGen       total 84992K, used 50335K [0x0000000084e00000, 0x000000008a100000, 0x00000000d6f80000)
  object space 84992K, 59% used [0x0000000084e00000,0x0000000087f27dc0,0x000000008a100000)
 Metaspace       used 11425K, capacity 11629K, committed 11776K, reserved 1060864K
  class space    used 1131K, capacity 1193K, committed 1280K, reserved 1048576K
}

