# JRE version: Java(TM) SE Runtime Environment (8.0_77-b03) (build 1.8.0_77-b03)
# Java VM: Java HotSpot(TM) 64-Bit Server VM (25.77-b03 mixed mode linux-amd64 compressed oops)
Heap:
 PSYoungGen      total 34304K, used 21593K [0x00000000d6f80000, 0x00000000db500000, 0x0000000100000000)
  eden space 31744K, 60% used [0x00000000d6f80000,0x00000000d82551b8,0x00000000d8e80000)
  from space 2560K, 90% used [0x00000000db280000,0x00000000db4c1500,0x00000000db500000)
  to   space 5120K, 0% used [0x00000000dab00000,0x00000000dab00000,0x00000000db000000)
 ParOldGen       total 84992K, used 50382K [0x0000000084e00000, 0x000000008a100000, 0x00000000d6f80000)
  object space 84992K, 59% used [0x0000000084e00000,0x0000000087f33ad0,0x000000008a100000)
 Metaspace       used 15493K, capacity 15789K, committed 16128K, reserved 1062912K
  class space    used 1597K, capacity 1721K, committed 1792K, reserved 1048576K
GC Heap History (4 events):
Event: 1,911 GC heap before
{Heap before GC invocations=1 (full 0):
 PSYoungGen      total 36864K, used 29943K [0x00000000d6f80000, 0x00000000d9880000, 0x0000000100000000)
  eden space 31744K, 94% used [0x00000000d6f80000,0x00000000d8cbde10,0x00000000d8e80000)
  from space 5120K, 0% used [0x00000000d9380000,0x00000000d9380000,0x00000000d9880000)
  to   space 5120K, 0% used [0x00000000d8e80000,0x00000000d8e80000,0x00000000d9380000)
 ParOldGen       total 84992K, used 0K [0x0000000084e00000, 0x000000008a100000, 0x00000000d6f80000)
  object space 84992K, 0% used [0x0000000084e00000,0x0000000084e00000,0x000000008a100000)
 Metaspace       used 11391K, capacity 11629K, committed 11776K, reserved 1060864K
  class space    used 1131K, capacity 1193K, committed 1280K, reserved 1048576K
Event: 1,931 GC heap after
Heap after GC invocations=1 (full 0):
 PSYoungGen      total 36864K, used 5104K [0x00000000d6f80000, 0x00000000db780000, 0x0000000100000000)
  eden space 31744K, 0% used [0x00000000d6f80000,0x00000000d6f80000,0x00000000d8e80000)
  from space 5120K, 99% used [0x00000000d8e80000,0x00000000d937c0e0,0x00000000d9380000)
  to   space 5120K, 0% used [0x00000000db280000,0x00000000db280000,0x00000000db780000)
 ParOldGen       total 84992K, used 1079K [0x0000000084e00000, 0x000000008a100000, 0x00000000d6f80000)
  object space 84992K, 1% used [0x0000000084e00000,0x0000000084f0dcb0,0x000000008a100000)
 Metaspace       used 11391K, capacity 11629K, committed 11776K, reserved 1060864K
  class space    used 1131K, capacity 1193K, committed 1280K, reserved 1048576K
}
Event: 3,428 GC heap before
{Heap before GC invocations=2 (full 0):
 PSYoungGen      total 36864K, used 36848K [0x00000000d6f80000, 0x00000000db780000, 0x0000000100000000)
  eden space 31744K, 100% used [0x00000000d6f80000,0x00000000d8e80000,0x00000000d8e80000)
  from space 5120K, 99% used [0x00000000d8e80000,0x00000000d937c0e0,0x00000000d9380000)
  to   space 5120K, 0% used [0x00000000db280000,0x00000000db280000,0x00000000db780000)
 ParOldGen       total 84992K, used 50366K [0x0000000084e00000, 0x000000008a100000, 0x00000000d6f80000)
  object space 84992K, 59% used [0x0000000084e00000,0x0000000087f2fad0,0x000000008a100000)
 Metaspace       used 11440K, capacity 11629K, committed 11776K, reserved 1060864K
  class space    used 1131K, capacity 1193K, committed 1280K, reserved 1048576K
Event: 3,434 GC heap after
Heap after GC invocations=2 (full 0):
 PSYoungGen      total 34304K, used 2309K [0x00000000d6f80000, 0x00000000db500000, 0x0000000100000000)
  eden space 31744K, 0% used [0x00000000d6f80000,0x00000000d6f80000,0x00000000d8e80000)
  from space 2560K, 90% used [0x00000000db280000,0x00000000db4c1500,0x00000000db500000)
  to   space 5120K, 0% used [0x00000000dab00000,0x00000000dab00000,0x00000000db000000)
 ParOldGen       total 84992K, used 50382K [0x0000000084e00000, 0x000000008a100000, 0x00000000d6f80000)
  object space 84992K, 59% used [0x0000000084e00000,0x0000000087f33ad0,0x000000008a100000)
 Metaspace       used 11440K, capacity 11629K, committed 11776K, reserved 1060864K
  class space    used 1131K, capacity 1193K, committed 1280K, reserved 1048576K
}

