# JRE version: Java(TM) SE Runtime Environment (8.0_77-b03) (build 1.8.0_77-b03)
# Java VM: Java HotSpot(TM) 64-Bit Server VM (25.77-b03 mixed mode linux-amd64 compressed oops)
Heap:
 PSYoungGen      total 36864K, used 20072K [0x00000000d6f80000, 0x00000000d9880000, 0x0000000100000000)
  eden space 31744K, 55% used [0x00000000d6f80000,0x00000000d809d448,0x00000000d8e80000)
  from space 5120K, 49% used [0x00000000d9380000,0x00000000d95fcd90,0x00000000d9880000)
  to   space 5120K, 0% used [0x00000000d8e80000,0x00000000d8e80000,0x00000000d9380000)
 ParOldGen       total 84992K, used 50557K [0x0000000084e00000, 0x000000008a100000, 0x00000000d6f80000)
  object space 84992K, 59% used [0x0000000084e00000,0x0000000087f5f420,0x000000008a100000)
 Metaspace       used 15350K, capacity 15597K, committed 15872K, reserved 1062912K
  class space    used 1594K, capacity 1721K, committed 1792K, reserved 1048576K
GC Heap History (4 events):
Event: 2,245 GC heap before
{Heap before GC invocations=1 (full 0):
 PSYoungGen      total 36864K, used 30018K [0x00000000d6f80000, 0x00000000d9880000, 0x0000000100000000)
  eden space 31744K, 94% used [0x00000000d6f80000,0x00000000d8cd0828,0x00000000d8e80000)
  from space 5120K, 0% used [0x00000000d9380000,0x00000000d9380000,0x00000000d9880000)
  to   space 5120K, 0% used [0x00000000d8e80000,0x00000000d8e80000,0x00000000d9380000)
 ParOldGen       total 84992K, used 0K [0x0000000084e00000, 0x000000008a100000, 0x00000000d6f80000)
  object space 84992K, 0% used [0x0000000084e00000,0x0000000084e00000,0x000000008a100000)
 Metaspace       used 11375K, capacity 11565K, committed 11776K, reserved 1060864K
  class space    used 1130K, capacity 1193K, committed 1280K, reserved 1048576K
Event: 2,258 GC heap after
Heap after GC invocations=1 (full 0):
 PSYoungGen      total 36864K, used 5096K [0x00000000d6f80000, 0x00000000d9880000, 0x0000000100000000)
  eden space 31744K, 0% used [0x00000000d6f80000,0x00000000d6f80000,0x00000000d8e80000)
  from space 5120K, 99% used [0x00000000d8e80000,0x00000000d937a258,0x00000000d9380000)
  to   space 5120K, 0% used [0x00000000d9380000,0x00000000d9380000,0x00000000d9880000)
 ParOldGen       total 84992K, used 1261K [0x0000000084e00000, 0x000000008a100000, 0x00000000d6f80000)
  object space 84992K, 1% used [0x0000000084e00000,0x0000000084f3b600,0x000000008a100000)
 Metaspace       used 11375K, capacity 11565K, committed 11776K, reserved 1060864K
  class space    used 1130K, capacity 1193K, committed 1280K, reserved 1048576K
}
Event: 3,800 GC heap before
{Heap before GC invocations=2 (full 0):
 PSYoungGen      total 36864K, used 36840K [0x00000000d6f80000, 0x00000000d9880000, 0x0000000100000000)
  eden space 31744K, 100% used [0x00000000d6f80000,0x00000000d8e80000,0x00000000d8e80000)
  from space 5120K, 99% used [0x00000000d8e80000,0x00000000d937a258,0x00000000d9380000)
  to   space 5120K, 0% used [0x00000000d9380000,0x00000000d9380000,0x00000000d9880000)
 ParOldGen       total 84992K, used 50549K [0x0000000084e00000, 0x000000008a100000, 0x00000000d6f80000)
  object space 84992K, 59% used [0x0000000084e00000,0x0000000087f5d420,0x000000008a100000)
 Metaspace       used 11888K, capacity 12153K, committed 12288K, reserved 1060864K
  class space    used 1186K, capacity 1261K, committed 1280K, reserved 1048576K
Event: 3,806 GC heap after
Heap after GC invocations=2 (full 0):
 PSYoungGen      total 36864K, used 2547K [0x00000000d6f80000, 0x00000000d9880000, 0x0000000100000000)
  eden space 31744K, 0% used [0x00000000d6f80000,0x00000000d6f80000,0x00000000d8e80000)
  from space 5120K, 49% used [0x00000000d9380000,0x00000000d95fcd90,0x00000000d9880000)
  to   space 5120K, 0% used [0x00000000d8e80000,0x00000000d8e80000,0x00000000d9380000)
 ParOldGen       total 84992K, used 50557K [0x0000000084e00000, 0x000000008a100000, 0x00000000d6f80000)
  object space 84992K, 59% used [0x0000000084e00000,0x0000000087f5f420,0x000000008a100000)
 Metaspace       used 11888K, capacity 12153K, committed 12288K, reserved 1060864K
  class space    used 1186K, capacity 1261K, committed 1280K, reserved 1048576K
}

